<?xml version="1.0" encoding="UTF-8"?>
<testng-results ignored="0" total="2" passed="2" failed="0" skipped="0">
  <reporter-output>
  </reporter-output>
  <suite started-at="2024-05-17T09:08:53Z" name="Default suite" finished-at="2024-05-17T09:08:54Z" duration-ms="105">
    <groups>
    </groups>
    <test started-at="2024-05-17T09:08:53Z" name="Default test" finished-at="2024-05-17T09:08:54Z" duration-ms="105">
      <class name="OrgTest.OrgTest">
        <test-method signature="createorgTest()[pri:0, instance:OrgTest.OrgTest@15713d56]" started-at="2024-05-17T09:08:54Z" name="createorgTest" finished-at="2024-05-17T09:08:54Z" duration-ms="18" status="PASS">
          <reporter-output>
          </reporter-output>
        </test-method> <!-- createorgTest -->
        <test-method signature="modifyorgTest()[pri:0, instance:OrgTest.OrgTest@15713d56]" started-at="2024-05-17T09:08:54Z" name="modifyorgTest" finished-at="2024-05-17T09:08:54Z" duration-ms="7" status="PASS">
          <reporter-output>
          </reporter-output>
        </test-method> <!-- modifyorgTest -->
      </class> <!-- OrgTest.OrgTest -->
    </test> <!-- Default test -->
  </suite> <!-- Default suite -->
</testng-results>
